Build started Wed 10 05 17 1:09:39 AM.
     1>Project "c:\Users\Venom\Documents\Visual Studio 2013\Projects\Project2\Project2\Project2.vcxproj" on node 2 (Build target(s)).
     1>ClCompile:
         C:\Program Files (x86)\Microsoft Visual Studio 12.0\VC\bin\CL.exe /c /ZI /nologo /W3 /WX- /sdl /Od /Oy- /D _MBCS /Gm /EHsc /RTC1 /MDd /GS /fp:precise /Zc:wchar_t /Zc:forScope /Fo"Debug\\" /Fd"Debug\vc120.pdb" /Gd /TP /analyze- /errorReport:prompt Main.cpp
         Main.cpp
     1>c:\users\venom\documents\visual studio 2013\projects\project2\project2\main.cpp(359): warning C4258: 'i' : definition from the for loop is ignored; the definition from the enclosing scope is used
                 c:\users\venom\documents\visual studio 2013\projects\project2\project2\main.cpp(326) : definition of 'i' ignored
                 c:\users\venom\documents\visual studio 2013\projects\project2\project2\main.cpp(293) : definition of 'i' used
     1>c:\users\venom\documents\visual studio 2013\projects\project2\project2\main.cpp(366): warning C4258: 'i' : definition from the for loop is ignored; the definition from the enclosing scope is used
                 c:\users\venom\documents\visual studio 2013\projects\project2\project2\main.cpp(326) : definition of 'i' ignored
                 c:\users\venom\documents\visual studio 2013\projects\project2\project2\main.cpp(293) : definition of 'i' used
     1>c:\users\venom\documents\visual studio 2013\projects\project2\project2\main.cpp(373): warning C4258: 'i' : definition from the for loop is ignored; the definition from the enclosing scope is used
                 c:\users\venom\documents\visual studio 2013\projects\project2\project2\main.cpp(326) : definition of 'i' ignored
                 c:\users\venom\documents\visual studio 2013\projects\project2\project2\main.cpp(293) : definition of 'i' used
     1>c:\users\venom\documents\visual studio 2013\projects\project2\project2\main.cpp(440): warning C4258: 'i' : definition from the for loop is ignored; the definition from the enclosing scope is used
                 c:\users\venom\documents\visual studio 2013\projects\project2\project2\main.cpp(326) : definition of 'i' ignored
                 c:\users\venom\documents\visual studio 2013\projects\project2\project2\main.cpp(293) : definition of 'i' used
     1>c:\users\venom\documents\visual studio 2013\projects\project2\project2\main.cpp(441): warning C4258: 'i' : definition from the for loop is ignored; the definition from the enclosing scope is used
                 c:\users\venom\documents\visual studio 2013\projects\project2\project2\main.cpp(326) : definition of 'i' ignored
                 c:\users\venom\documents\visual studio 2013\projects\project2\project2\main.cpp(293) : definition of 'i' used
     1>c:\users\venom\documents\visual studio 2013\projects\project2\project2\main.cpp(443): warning C4258: 'i' : definition from the for loop is ignored; the definition from the enclosing scope is used
                 c:\users\venom\documents\visual studio 2013\projects\project2\project2\main.cpp(326) : definition of 'i' ignored
                 c:\users\venom\documents\visual studio 2013\projects\project2\project2\main.cpp(293) : definition of 'i' used
     1>c:\users\venom\documents\visual studio 2013\projects\project2\project2\main.cpp(444): warning C4258: 'i' : definition from the for loop is ignored; the definition from the enclosing scope is used
                 c:\users\venom\documents\visual studio 2013\projects\project2\project2\main.cpp(326) : definition of 'i' ignored
                 c:\users\venom\documents\visual studio 2013\projects\project2\project2\main.cpp(293) : definition of 'i' used
     1>c:\users\venom\documents\visual studio 2013\projects\project2\project2\main.cpp(452): warning C4258: 'i' : definition from the for loop is ignored; the definition from the enclosing scope is used
                 c:\users\venom\documents\visual studio 2013\projects\project2\project2\main.cpp(326) : definition of 'i' ignored
                 c:\users\venom\documents\visual studio 2013\projects\project2\project2\main.cpp(293) : definition of 'i' used
     1>c:\users\venom\documents\visual studio 2013\projects\project2\project2\main.cpp(453): warning C4258: 'i' : definition from the for loop is ignored; the definition from the enclosing scope is used
                 c:\users\venom\documents\visual studio 2013\projects\project2\project2\main.cpp(326) : definition of 'i' ignored
                 c:\users\venom\documents\visual studio 2013\projects\project2\project2\main.cpp(293) : definition of 'i' used
     1>c:\users\venom\documents\visual studio 2013\projects\project2\project2\main.cpp(463): warning C4258: 'i' : definition from the for loop is ignored; the definition from the enclosing scope is used
                 c:\users\venom\documents\visual studio 2013\projects\project2\project2\main.cpp(326) : definition of 'i' ignored
                 c:\users\venom\documents\visual studio 2013\projects\project2\project2\main.cpp(293) : definition of 'i' used
     1>c:\users\venom\documents\visual studio 2013\projects\project2\project2\main.cpp(469): warning C4258: 'i' : definition from the for loop is ignored; the definition from the enclosing scope is used
                 c:\users\venom\documents\visual studio 2013\projects\project2\project2\main.cpp(326) : definition of 'i' ignored
                 c:\users\venom\documents\visual studio 2013\projects\project2\project2\main.cpp(293) : definition of 'i' used
     1>c:\users\venom\documents\visual studio 2013\projects\project2\project2\main.cpp(474): warning C4258: 'i' : definition from the for loop is ignored; the definition from the enclosing scope is used
                 c:\users\venom\documents\visual studio 2013\projects\project2\project2\main.cpp(326) : definition of 'i' ignored
                 c:\users\venom\documents\visual studio 2013\projects\project2\project2\main.cpp(293) : definition of 'i' used
     1>c:\users\venom\documents\visual studio 2013\projects\project2\project2\main.cpp(481): warning C4258: 'i' : definition from the for loop is ignored; the definition from the enclosing scope is used
                 c:\users\venom\documents\visual studio 2013\projects\project2\project2\main.cpp(326) : definition of 'i' ignored
                 c:\users\venom\documents\visual studio 2013\projects\project2\project2\main.cpp(293) : definition of 'i' used
     1>c:\users\venom\documents\visual studio 2013\projects\project2\project2\main.cpp(482): warning C4258: 'i' : definition from the for loop is ignored; the definition from the enclosing scope is used
                 c:\users\venom\documents\visual studio 2013\projects\project2\project2\main.cpp(326) : definition of 'i' ignored
                 c:\users\venom\documents\visual studio 2013\projects\project2\project2\main.cpp(293) : definition of 'i' used
     1>c:\users\venom\documents\visual studio 2013\projects\project2\project2\main.cpp(484): warning C4258: 'i' : definition from the for loop is ignored; the definition from the enclosing scope is used
                 c:\users\venom\documents\visual studio 2013\projects\project2\project2\main.cpp(326) : definition of 'i' ignored
                 c:\users\venom\documents\visual studio 2013\projects\project2\project2\main.cpp(293) : definition of 'i' used
     1>c:\users\venom\documents\visual studio 2013\projects\project2\project2\main.cpp(485): warning C4258: 'i' : definition from the for loop is ignored; the definition from the enclosing scope is used
                 c:\users\venom\documents\visual studio 2013\projects\project2\project2\main.cpp(326) : definition of 'i' ignored
                 c:\users\venom\documents\visual studio 2013\projects\project2\project2\main.cpp(293) : definition of 'i' used
     1>c:\users\venom\documents\visual studio 2013\projects\project2\project2\main.cpp(493): warning C4258: 'i' : definition from the for loop is ignored; the definition from the enclosing scope is used
                 c:\users\venom\documents\visual studio 2013\projects\project2\project2\main.cpp(326) : definition of 'i' ignored
                 c:\users\venom\documents\visual studio 2013\projects\project2\project2\main.cpp(293) : definition of 'i' used
     1>c:\users\venom\documents\visual studio 2013\projects\project2\project2\main.cpp(494): warning C4258: 'i' : definition from the for loop is ignored; the definition from the enclosing scope is used
                 c:\users\venom\documents\visual studio 2013\projects\project2\project2\main.cpp(326) : definition of 'i' ignored
                 c:\users\venom\documents\visual studio 2013\projects\project2\project2\main.cpp(293) : definition of 'i' used
     1>c:\users\venom\documents\visual studio 2013\projects\project2\project2\main.cpp(503): warning C4258: 'i' : definition from the for loop is ignored; the definition from the enclosing scope is used
                 c:\users\venom\documents\visual studio 2013\projects\project2\project2\main.cpp(326) : definition of 'i' ignored
                 c:\users\venom\documents\visual studio 2013\projects\project2\project2\main.cpp(293) : definition of 'i' used
     1>c:\users\venom\documents\visual studio 2013\projects\project2\project2\main.cpp(508): warning C4258: 'i' : definition from the for loop is ignored; the definition from the enclosing scope is used
                 c:\users\venom\documents\visual studio 2013\projects\project2\project2\main.cpp(326) : definition of 'i' ignored
                 c:\users\venom\documents\visual studio 2013\projects\project2\project2\main.cpp(293) : definition of 'i' used
     1>c:\users\venom\documents\visual studio 2013\projects\project2\project2\main.cpp(513): warning C4258: 'i' : definition from the for loop is ignored; the definition from the enclosing scope is used
                 c:\users\venom\documents\visual studio 2013\projects\project2\project2\main.cpp(326) : definition of 'i' ignored
                 c:\users\venom\documents\visual studio 2013\projects\project2\project2\main.cpp(293) : definition of 'i' used
     1>c:\users\venom\documents\visual studio 2013\projects\project2\project2\main.cpp(520): warning C4258: 'i' : definition from the for loop is ignored; the definition from the enclosing scope is used
                 c:\users\venom\documents\visual studio 2013\projects\project2\project2\main.cpp(326) : definition of 'i' ignored
                 c:\users\venom\documents\visual studio 2013\projects\project2\project2\main.cpp(293) : definition of 'i' used
     1>c:\users\venom\documents\visual studio 2013\projects\project2\project2\main.cpp(521): warning C4258: 'i' : definition from the for loop is ignored; the definition from the enclosing scope is used
                 c:\users\venom\documents\visual studio 2013\projects\project2\project2\main.cpp(326) : definition of 'i' ignored
                 c:\users\venom\documents\visual studio 2013\projects\project2\project2\main.cpp(293) : definition of 'i' used
     1>c:\users\venom\documents\visual studio 2013\projects\project2\project2\main.cpp(523): warning C4258: 'i' : definition from the for loop is ignored; the definition from the enclosing scope is used
                 c:\users\venom\documents\visual studio 2013\projects\project2\project2\main.cpp(326) : definition of 'i' ignored
                 c:\users\venom\documents\visual studio 2013\projects\project2\project2\main.cpp(293) : definition of 'i' used
     1>c:\users\venom\documents\visual studio 2013\projects\project2\project2\main.cpp(524): warning C4258: 'i' : definition from the for loop is ignored; the definition from the enclosing scope is used
                 c:\users\venom\documents\visual studio 2013\projects\project2\project2\main.cpp(326) : definition of 'i' ignored
                 c:\users\venom\documents\visual studio 2013\projects\project2\project2\main.cpp(293) : definition of 'i' used
     1>c:\users\venom\documents\visual studio 2013\projects\project2\project2\main.cpp(532): warning C4258: 'i' : definition from the for loop is ignored; the definition from the enclosing scope is used
                 c:\users\venom\documents\visual studio 2013\projects\project2\project2\main.cpp(326) : definition of 'i' ignored
                 c:\users\venom\documents\visual studio 2013\projects\project2\project2\main.cpp(293) : definition of 'i' used
     1>c:\users\venom\documents\visual studio 2013\projects\project2\project2\main.cpp(533): warning C4258: 'i' : definition from the for loop is ignored; the definition from the enclosing scope is used
                 c:\users\venom\documents\visual studio 2013\projects\project2\project2\main.cpp(326) : definition of 'i' ignored
                 c:\users\venom\documents\visual studio 2013\projects\project2\project2\main.cpp(293) : definition of 'i' used
     1>c:\users\venom\documents\visual studio 2013\projects\project2\project2\main.cpp(383): warning C4101: 'e' : unreferenced local variable
     1>c:\users\venom\documents\visual studio 2013\projects\project2\project2\main.cpp(429): warning C4101: 'e' : unreferenced local variable
       Link:
         C:\Program Files (x86)\Microsoft Visual Studio 12.0\VC\bin\link.exe /ERRORREPORT:PROMPT /OUT:"C:\Users\Venom\Documents\Visual Studio 2013\Projects\Project2\Debug\Project2.exe" /INCREMENTAL /NOLOGO kernel32.lib user32.lib gdi32.lib winspool.lib comdlg32.lib advapi32.lib shell32.lib ole32.lib oleaut32.lib uuid.lib odbc32.lib odbccp32.lib /MANIFEST /MANIFESTUAC:"level='asInvoker' uiAccess='false'" /manifest:embed /DEBUG /PDB:"C:\Users\Venom\Documents\Visual Studio 2013\Projects\Project2\Debug\Project2.pdb" /TLBID:1 /DYNAMICBASE /NXCOMPAT /IMPLIB:"C:\Users\Venom\Documents\Visual Studio 2013\Projects\Project2\Debug\Project2.lib" /MACHINE:X86 Debug\Animation.obj
         Debug\Chilonzor.obj
         Debug\Main.obj
         Debug\Station.obj
         Debug\Uzbekiston.obj
         Debug\Yunusobod.obj
         Project2.vcxproj -> C:\Users\Venom\Documents\Visual Studio 2013\Projects\Project2\Debug\Project2.exe
     1>Done Building Project "c:\Users\Venom\Documents\Visual Studio 2013\Projects\Project2\Project2\Project2.vcxproj" (Build target(s)).

Build succeeded.

Time Elapsed 00:00:01.37
